c:\users\andre\source\repos\triangle\triangle\x64\debug\vc143.pdb
c:\users\andre\source\repos\triangle\triangle\x64\debug\vc143.idb
c:\users\andre\source\repos\triangle\triangle\x64\debug\glad.obj
c:\users\andre\source\repos\triangle\triangle\x64\debug\vbo.obj
c:\users\andre\source\repos\triangle\triangle\x64\debug\shaderclass.obj
c:\users\andre\source\repos\triangle\triangle\x64\debug\main.obj
c:\users\andre\source\repos\triangle\triangle\x64\debug\vao.obj
c:\users\andre\source\repos\triangle\triangle\x64\debug\ebo.obj
c:\users\andre\source\repos\triangle\x64\debug\triangle.exe
c:\users\andre\source\repos\triangle\x64\debug\triangle.pdb
c:\users\andre\source\repos\triangle\triangle\x64\debug\triangle.ilk
c:\users\andre\source\repos\triangle\triangle\x64\debug\eao.obj
c:\users\andre\source\repos\triangle\triangle\x64\debug\triangle.tlog\cl.command.1.tlog
c:\users\andre\source\repos\triangle\triangle\x64\debug\triangle.tlog\cl.items.tlog
c:\users\andre\source\repos\triangle\triangle\x64\debug\triangle.tlog\cl.read.1.tlog
c:\users\andre\source\repos\triangle\triangle\x64\debug\triangle.tlog\cl.write.1.tlog
c:\users\andre\source\repos\triangle\triangle\x64\debug\triangle.tlog\link.command.1.tlog
c:\users\andre\source\repos\triangle\triangle\x64\debug\triangle.tlog\link.read.1.tlog
c:\users\andre\source\repos\triangle\triangle\x64\debug\triangle.tlog\link.secondary.1.tlog
c:\users\andre\source\repos\triangle\triangle\x64\debug\triangle.tlog\link.write.1.tlog
